<?xml version="1.0" encoding="UTF-8"?>
<<<<<<< HEAD
<testsuite name="com.moodanalyzertest.MoodAnalyzerTest" tests="1" skipped="0" failures="0" errors="0" timestamp="2019-11-26T06:31:00" hostname="suraj-desktop" time="0.001">
  <properties/>
  <testcase name="givenMessage_WhenEmpty_ShouldReturnHappy" classname="com.moodanalyzertest.MoodAnalyzerTest" time="0.001"/>
=======
<testsuite name="com.moodanalyzertest.MoodAnalyzerTest" tests="1" skipped="0" failures="0" errors="0" timestamp="2019-11-26T07:01:20" hostname="suraj-desktop" time="0.001">
  <properties/>
  <testcase name="givenMoodAnalyser_WhenProper_ShouldReturnObject" classname="com.moodanalyzertest.MoodAnalyzerTest" time="0.001"/>
>>>>>>> UC4_Reflection
  <system-out><![CDATA[]]></system-out>
  <system-err><![CDATA[]]></system-err>
</testsuite>
