<?xml version="1.0" encoding="UTF-8"?>
<testsuite name="com.moodanalyzertest.MoodAnalyzerTest" tests="1" skipped="0" failures="0" errors="0" timestamp="2019-11-27T11:19:56" hostname="suraj-desktop" time="0.002">
  <properties/>
  <testcase name="givenMoodAnalyserClass_WhenProper_ShouldReturnObject" classname="com.moodanalyzertest.MoodAnalyzerTest" time="0.002"/>
  <system-out><![CDATA[]]></system-out>
  <system-err><![CDATA[]]></system-err>
</testsuite>
