<?xml version="1.0" encoding="UTF-8"?>
<testsuite name="com.moodanalyzertest.MoodAnalyzerTest" tests="1" skipped="0" failures="0" errors="0" timestamp="2019-11-26T04:47:16" hostname="suraj-desktop" time="0.001">
  <properties/>
  <testcase name="givenMessage_WhenSad_ShouldReturnSad" classname="com.moodanalyzertest.MoodAnalyzerTest" time="0.001"/>
  <system-out><![CDATA[]]></system-out>
  <system-err><![CDATA[]]></system-err>
</testsuite>
