<?xml version="1.0" encoding="UTF-8"?>
<testsuite name="com.moodanalyzertest.MoodAnalyzerTest" tests="1" skipped="0" failures="0" errors="0" timestamp="2019-11-27T05:51:58" hostname="suraj-desktop" time="0.004">
  <properties/>
  <testcase name="givenMoodAnalyser_OnChangeMood_ShouldReturnHappy" classname="com.moodanalyzertest.MoodAnalyzerTest" time="0.004"/>
  <system-out><![CDATA[]]></system-out>
  <system-err><![CDATA[]]></system-err>
</testsuite>
